Build started 10/26/2016 4:50:55 PM.
     1>Project "D:\MITK-AW-SP\AwesomeProject-build\Plugins\my.awesomeproject.exampleplugin\my_awesomeproject_exampleplugin.vcxproj" on node 2 (Build target(s)).
     1>CustomBuild:
         Generating src/internal/moc_AwesomeView.cpp
       ClCompile:
         C:\Program Files (x86)\Microsoft Visual Studio 12.0\VC\bin\x86_amd64\CL.exe /c /I"D:\MITK-ProjectTemplate\Plugins\my.awesomeproject.exampleplugin\src" /I"D:\MITK-ProjectTemplate\Plugins\my.awesomeproject.exampleplugin" /I"D:\MITK-AW-SP\AwesomeProject-build\Plugins\my.awesomeproject.exampleplugin" /I"D:\MITK-AW-SP\MITK-superbuild\ep\src\CTK-build\CTK-build" /I"D:\MITK-AW-SP\MITK\Plugins\org.mitk.gui.qt.common\src" /I"D:\MITK-AW-SP\MITK-superbuild\MITK-build\Plugins\org.mitk.gui.qt.common" /I"D:\MITK-AW-SP\MITK\Plugins\org.mitk.gui.common\src" /I"D:\MITK-AW-SP\MITK-superbuild\MITK-build\Plugins\org.mitk.gui.common" /I"D:\MITK-AW-SP\MITK\Plugins\org.blueberry.ui.qt\src" /I"D:\MITK-AW-SP\MITK\Plugins\org.blueberry.ui.qt\src\actions" /I"D:\MITK-AW-SP\MITK\Plugins\org.blueberry.ui.qt\src\application" /I"D:\MITK-AW-SP\MITK\Plugins\org.blueberry.ui.qt\src\commands" /I"D:\MITK-AW-SP\MITK\Plugins\org.blueberry.ui.qt\src\guitk" /I"D:\MITK-AW-SP\MITK\Plugins\org.blueberry.ui.qt\src\handlers" /I"D:\MITK-AW-SP\MITK\Plugins\org.blueberry.ui.qt\src\intro" /I"D:\MITK-AW-SP\MITK\Plugins\org.blueberry.ui.qt\src\model" /I"D:\MITK-AW-SP\MITK\Plugins\org.blueberry.ui.qt\src\presentations" /I"D:\MITK-AW-SP\MITK\Plugins\org.blueberry.ui.qt\src\services" /I"D:\MITK-AW-SP\MITK\Plugins\org.blueberry.ui.qt\src\testing" /I"D:\MITK-AW-SP\MITK\Plugins\org.blueberry.ui.qt\src\tweaklets" /I"D:\MITK-AW-SP\MITK\Plugins\org.blueberry.ui.qt\src\util" /I"D:\MITK-AW-SP\MITK-superbuild\MITK-build\Plugins\org.blueberry.ui.qt" /I"D:\MITK-AW-SP\MITK\Plugins\org.blueberry.core.commands\src" /I"D:\MITK-AW-SP\MITK\Plugins\org.blueberry.core.commands\src\common" /I"D:\MITK-AW-SP\MITK\Plugins\org.blueberry.core.commands\src\util" /I"D:\MITK-AW-SP\MITK-superbuild\MITK-build\Plugins\org.blueberry.core.commands" /I"D:\MITK-AW-SP\MITK\Plugins\org.blueberry.core.runtime\src" /I"D:\MITK-AW-SP\MITK\Plugins\org.blueberry.core.runtime\src\application" /I"D:\MITK-AW-SP\MITK\Plugins\org.blueberry.core.runtime\src\dynamichelpers" /I"D:\MITK-AW-SP\MITK\Plugins\org.blueberry.core.runtime\src\registry" /I"D:\MITK-AW-SP\MITK-superbuild\MITK-build\Plugins\org.blueberry.core.runtime" /I"D:\MITK-AW-SP\MITK-superbuild\ep\src\CTK\Libs\PluginFramework" /I"D:\MITK-AW-SP\MITK-superbuild\ep\src\CTK-build\CTK-build\Libs\PluginFramework" /I"D:\MITK-AW-SP\MITK-superbuild\ep\src\CTK\Libs\Core" /I"D:\MITK-AW-SP\MITK-superbuild\ep\src\CTK-build\CTK-build\Libs\Core" /I"D:\MITK-AW-SP\MITK\Plugins\org.blueberry.core.expressions\src" /I"D:\MITK-AW-SP\MITK-superbuild\MITK-build\Plugins\org.blueberry.core.expressions" /I"D:\MITK-AW-SP\MITK\Plugins\org.mitk.core.services\src" /I"D:\MITK-AW-SP\MITK-superbuild\MITK-build\Plugins\org.mitk.core.services" /I"D:\MITK-AW-SP\MITK\Plugins\org.mitk.gui.qt.common" /I"D:\MITK-AW-SP\MITK\Plugins\org.mitk.gui.common" /I"D:\MITK-AW-SP\MITK\Plugins\org.blueberry.ui.qt" /I"D:\MITK-AW-SP\MITK\Plugins\org.blueberry.core.commands" /I"D:\MITK-AW-SP\MITK\Plugins\org.blueberry.core.runtime" /IC:\Qt\5.4\msvc2013_64_opengl\include /IC:\Qt\5.4\msvc2013_64_opengl\include\QtCore /I"C:\Qt\5.4\msvc2013_64_opengl\mkspecs\win32-msvc2013" /IC:\Qt\5.4\msvc2013_64_opengl\include\QtSql /IC:\Qt\5.4\msvc2013_64_opengl\include\QtConcurrent /I"D:\MITK-AW-SP\MITK-superbuild\MITK-build\Utilities\mbilog" /I"D:\MITK-AW-SP\MITK\Utilities\mbilog\." /I"D:\MITK-AW-SP\MITK-superbuild\ep\include" /I"D:\MITK-AW-SP\MITK\Plugins\org.blueberry.core.expressions" /IC:\Qt\5.4\msvc2013_64_opengl\include\QtWidgets /IC:\Qt\5.4\msvc2013_64_opengl\include\QtGui /I"D:\MITK-AW-SP\MITK\Plugins\org.mitk.core.services" /I"D:\MITK-AW-SP\MITK-superbuild\MITK-build\Modules\Core" /I"D:\MITK-AW-SP\MITK-superbuild\ep\include\gdcm-2.4" /I"D:\MITK-AW-SP\MITK-superbuild\ep\include\ITK-4.7" /I"D:\MITK-AW-SP\MITK-superbuild\ep\include\vtk-6.2" /I"D:\MITK-AW-SP\MITK-superbuild\ep\include\boost-1_59" /I"D:\MITK-AW-SP\MITK\Modules\Core\include" /I"D:\MITK-AW-SP\MITK-superbuild\MITK-build" /I"D:\MITK-AW-SP\MITK\Modules\CppMicroServices\third_party" /I"D:\MITK-AW-SP\MITK-superbuild\MITK-build\Modules\CppMicroServices\include" /I"D:\MITK-AW-SP\MITK\Modules\CppMicroServices\core\include" /I"D:\MITK-AW-SP\MITK-superbuild\MITK-build\Modules\CppMicroServices\core\include" /I"D:\MITK-AW-SP\MITK\Modules\CppMicroServices\core\src\util" /I"D:\MITK-AW-SP\MITK\Modules\CppMicroServices\core\src\service" /I"D:\MITK-AW-SP\MITK\Modules\CppMicroServices\core\src\module" /I"D:\MITK-AW-SP\MITK-superbuild\MITK-build\Modules\QtWidgets" /I"D:\MITK-AW-SP\MITK\Modules\QtWidgets\include" /I"D:\MITK-AW-SP\MITK-superbuild\MITK-build\Modules\PlanarFigure" /I"D:\MITK-AW-SP\MITK\Modules\PlanarFigure\include" /I"D:\MITK-AW-SP\MITK-superbuild\MITK-build\Modules\SceneSerializationBase" /I"D:\MITK-AW-SP\MITK\Modules\SceneSerializationBase\include" /I"D:\MITK-AW-SP\MITK-superbuild\ep\include\tinyxml" /I"D:\MITK-AW-SP\MITK-superbuild\MITK-build\Modules\LegacyGL" /I"D:\MITK-AW-SP\MITK\Modules\LegacyGL\." /I"D:\MITK-AW-SP\MITK-superbuild\MITK-build\Modules\Overlays" /I"D:\MITK-AW-SP\MITK\Modules\Overlays\." /IC:\Qt\5.4\msvc2013_64_opengl\include\QtOpenGL /I"D:\MITK-AW-SP\MITK-superbuild\MITK-build\Modules\QtWidgetsExt" /I"D:\MITK-AW-SP\MITK-superbuild\ep\src\CTK\Libs\Widgets" /I"D:\MITK-AW-SP\MITK-superbuild\ep\src\CTK-build\CTK-build\Libs\Widgets" /I"D:\MITK-AW-SP\MITK\Modules\QtWidgetsExt\include" /I"D:\MITK-AW-SP\MITK-superbuild\MITK-build\Modules\ImageStatistics" /I"D:\MITK-AW-SP\MITK\Modules\ImageStatistics\." /I"D:\MITK-AW-SP\MITK-superbuild\MITK-build\Modules\ImageExtraction" /I"D:\MITK-AW-SP\MITK\Modules\ImageExtraction\." /I"D:\MITK-AW-SP\MITK-superbuild\MITK-build\Modules\AlgorithmsExt" /I"D:\MITK-AW-SP\MITK\Modules\AlgorithmsExt\include" /I"D:\MITK-AW-SP\MITK-superbuild\MITK-build\Modules\DataTypesExt" /I"D:\MITK-AW-SP\MITK\Modules\DataTypesExt\include" /I"D:\MITK-AW-SP\MITK-superbuild\ep\include\Qwt" /IC:\Qt\5.4\msvc2013_64_opengl\include\QtSvg /IC:\Qt\5.4\msvc2013_64_opengl\include\QtPrintSupport /IC:\Qt\5.4\msvc2013_64_opengl\include\QtXml /IC:\Qt\5.4\msvc2013_64_opengl\include\QtWebKitWidgets /IC:\Qt\5.4\msvc2013_64_opengl\include\QtWebKit /IC:\Qt\5.4\msvc2013_64_opengl\include\QtNetwork /I"D:\MITK-AW-SP\AwesomeProject-build\Modules\MyAwesomeLib" /I"D:\MITK-ProjectTemplate\Modules\MyAwesomeLib\include" /Zi /nologo /W3 /WX- /Od /Ob0 /D WIN32 /D _WINDOWS /D _WIN32_WINNT=0x0501 /D POCO_NO_UNWINDOWS /D WIN32_LEAN_AND_MEAN /D NOMINMAX /D _DEBUG /D QT_PLUGIN /D US_MODULE_NAME=my_awesomeproject_exampleplugin /D QWT_DLL /D POCO_NO_UNWINDOWS /D WIN32_LEAN_AND_MEAN /D QT_CORE_LIB /D QT_SQL_LIB /D QT_CONCURRENT_LIB /D QT_WIDGETS_LIB /D QT_GUI_LIB /D QT_OPENGL_LIB /D QT_SVG_LIB /D QT_PRINTSUPPORT_LIB /D QT_XML_LIB /D QT_WEBKITWIDGETS_LIB /D QT_WEBKIT_LIB /D QT_NETWORK_LIB /D "CMAKE_INTDIR=\"Debug\"" /D my_awesomeproject_exampleplugin_EXPORTS /D _WINDLL /D _MBCS /Gm- /EHsc /RTC1 /MDd /GS /fp:precise /Zc:wchar_t /Zc:forScope /GR /openmp /Fo"my_awesomeproject_exampleplugin.dir\Debug\\" /Fd"my_awesomeproject_exampleplugin.dir\Debug\vc120.pdb" /Gd /TP /wd4005 /wd4231 /wd4316 /errorReport:prompt "D:\MITK-ProjectTemplate\Plugins\my.awesomeproject.exampleplugin\src\internal\my_awesomeproject_exampleplugin_PluginActivator.cpp" "D:\MITK-ProjectTemplate\Plugins\my.awesomeproject.exampleplugin\src\internal\AwesomeView.cpp" "D:\MITK-AW-SP\AwesomeProject-build\Plugins\my.awesomeproject.exampleplugin\src\internal\moc_AwesomeView.cpp"
         my_awesomeproject_exampleplugin_PluginActivator.cpp
     1>C:\Program Files (x86)\Microsoft Visual Studio 12.0\VC\include\xutility(2132): warning C4996: 'std::_Copy_impl': Function call with parameters that may be unsafe - this call relies on the caller to check that the passed values are correct. To disable this warning, use -D_SCL_SECURE_NO_WARNINGS. See documentation on how to use Visual C++ 'Checked Iterators'
                 C:\Program Files (x86)\Microsoft Visual Studio 12.0\VC\include\xutility(2113) : see declaration of 'std::_Copy_impl'
                 d:\mitk-aw-sp\mitk-superbuild\ep\include\itk-4.7\itkVariableLengthVector.hxx(240) : see reference to function template instantiation '_OutIt std::copy<TValue*,TValue*>(_InIt,_InIt,_OutIt)' being compiled
                 with
                 [
                     _OutIt=mitk::ScalarType *
         ,            TValue=mitk::ScalarType
         ,            _InIt=mitk::ScalarType *
                 ]
                 d:\mitk-aw-sp\mitk-superbuild\ep\include\itk-4.7\itkVariableLengthVector.hxx(219) : while compiling class template member function 'void itk::VariableLengthVector<TScalar>::SetSize(unsigned int,bool)'
                 with
                 [
                     TScalar=mitk::ScalarType
                 ]
                 d:\mitk-aw-sp\mitk-superbuild\ep\include\itk-4.7\itkTransform.hxx(218) : see reference to function template instantiation 'void itk::VariableLengthVector<TScalar>::SetSize(unsigned int,bool)' being compiled
                 with
                 [
                     TScalar=mitk::ScalarType
                 ]
                 d:\mitk-aw-sp\mitk-superbuild\ep\include\itk-4.7\itkTransform.hxx(207) : while compiling class template member function 'itk::VariableLengthVector<TScalar> itk::Transform<TScalar,3,3>::TransformVector(const itk::VariableLengthVector<TScalar> &,const itk::Point<TCoordRep,3> &) const'
                 with
                 [
                     TScalar=mitk::ScalarType
         ,            TCoordRep=mitk::ScalarType
                 ]
                 d:\mitk-aw-sp\mitk-superbuild\ep\include\itk-4.7\itkMatrixOffsetTransformBase.h(78) : see reference to class template instantiation 'itk::Transform<TScalar,3,3>' being compiled
                 with
                 [
                     TScalar=mitk::ScalarType
                 ]
                 d:\mitk-aw-sp\mitk-superbuild\ep\include\itk-4.7\itkAffineTransform.h(105) : see reference to class template instantiation 'itk::MatrixOffsetTransformBase<TScalar,3,3>' being compiled
                 with
                 [
                     TScalar=mitk::ScalarType
                 ]
                 d:\mitk-aw-sp\mitk-superbuild\ep\include\itk-4.7\itkScalableAffineTransform.h(39) : see reference to class template instantiation 'itk::AffineTransform<TScalar,3>' being compiled
                 with
                 [
                     TScalar=mitk::ScalarType
                 ]
                 d:\mitk-aw-sp\mitk-superbuild\ep\include\itk-4.7\itkAffineGeometryFrame.h(112) : see reference to class template instantiation 'itk::ScalableAffineTransform<TScalar,3>' being compiled
                 with
                 [
                     TScalar=mitk::ScalarType
                 ]
                 d:\mitk-aw-sp\mitk\modules\core\include\mitkAffineTransform3D.h(27) : see reference to class template instantiation 'itk::AffineGeometryFrame<mitk::ScalarType,3>' being compiled
         AwesomeView.cpp
     1>C:\Program Files (x86)\Microsoft Visual Studio 12.0\VC\include\xutility(2132): warning C4996: 'std::_Copy_impl': Function call with parameters that may be unsafe - this call relies on the caller to check that the passed values are correct. To disable this warning, use -D_SCL_SECURE_NO_WARNINGS. See documentation on how to use Visual C++ 'Checked Iterators'
                 C:\Program Files (x86)\Microsoft Visual Studio 12.0\VC\include\xutility(2113) : see declaration of 'std::_Copy_impl'
                 d:\mitk-aw-sp\mitk-superbuild\ep\include\itk-4.7\itkVariableLengthVector.hxx(240) : see reference to function template instantiation '_OutIt std::copy<TValue*,TValue*>(_InIt,_InIt,_OutIt)' being compiled
                 with
                 [
                     _OutIt=mitk::ScalarType *
         ,            TValue=mitk::ScalarType
         ,            _InIt=mitk::ScalarType *
                 ]
                 d:\mitk-aw-sp\mitk-superbuild\ep\include\itk-4.7\itkVariableLengthVector.hxx(219) : while compiling class template member function 'void itk::VariableLengthVector<TScalar>::SetSize(unsigned int,bool)'
                 with
                 [
                     TScalar=mitk::ScalarType
                 ]
                 d:\mitk-aw-sp\mitk-superbuild\ep\include\itk-4.7\itkTransform.hxx(218) : see reference to function template instantiation 'void itk::VariableLengthVector<TScalar>::SetSize(unsigned int,bool)' being compiled
                 with
                 [
                     TScalar=mitk::ScalarType
                 ]
                 d:\mitk-aw-sp\mitk-superbuild\ep\include\itk-4.7\itkTransform.hxx(207) : while compiling class template member function 'itk::VariableLengthVector<TScalar> itk::Transform<TScalar,3,3>::TransformVector(const itk::VariableLengthVector<TScalar> &,const itk::Point<TCoordRep,3> &) const'
                 with
                 [
                     TScalar=mitk::ScalarType
         ,            TCoordRep=mitk::ScalarType
                 ]
                 d:\mitk-aw-sp\mitk-superbuild\ep\include\itk-4.7\itkMatrixOffsetTransformBase.h(78) : see reference to class template instantiation 'itk::Transform<TScalar,3,3>' being compiled
                 with
                 [
                     TScalar=mitk::ScalarType
                 ]
                 d:\mitk-aw-sp\mitk-superbuild\ep\include\itk-4.7\itkAffineTransform.h(105) : see reference to class template instantiation 'itk::MatrixOffsetTransformBase<TScalar,3,3>' being compiled
                 with
                 [
                     TScalar=mitk::ScalarType
                 ]
                 d:\mitk-aw-sp\mitk-superbuild\ep\include\itk-4.7\itkScalableAffineTransform.h(39) : see reference to class template instantiation 'itk::AffineTransform<TScalar,3>' being compiled
                 with
                 [
                     TScalar=mitk::ScalarType
                 ]
                 d:\mitk-aw-sp\mitk-superbuild\ep\include\itk-4.7\itkAffineGeometryFrame.h(112) : see reference to class template instantiation 'itk::ScalableAffineTransform<TScalar,3>' being compiled
                 with
                 [
                     TScalar=mitk::ScalarType
                 ]
                 d:\mitk-aw-sp\mitk\modules\core\include\mitkAffineTransform3D.h(27) : see reference to class template instantiation 'itk::AffineGeometryFrame<mitk::ScalarType,3>' being compiled
         moc_AwesomeView.cpp
     1>C:\Program Files (x86)\Microsoft Visual Studio 12.0\VC\include\xutility(2132): warning C4996: 'std::_Copy_impl': Function call with parameters that may be unsafe - this call relies on the caller to check that the passed values are correct. To disable this warning, use -D_SCL_SECURE_NO_WARNINGS. See documentation on how to use Visual C++ 'Checked Iterators'
                 C:\Program Files (x86)\Microsoft Visual Studio 12.0\VC\include\xutility(2113) : see declaration of 'std::_Copy_impl'
                 d:\mitk-aw-sp\mitk-superbuild\ep\include\itk-4.7\itkVariableLengthVector.hxx(240) : see reference to function template instantiation '_OutIt std::copy<TValue*,TValue*>(_InIt,_InIt,_OutIt)' being compiled
                 with
                 [
                     _OutIt=mitk::ScalarType *
         ,            TValue=mitk::ScalarType
         ,            _InIt=mitk::ScalarType *
                 ]
                 d:\mitk-aw-sp\mitk-superbuild\ep\include\itk-4.7\itkVariableLengthVector.hxx(219) : while compiling class template member function 'void itk::VariableLengthVector<TScalar>::SetSize(unsigned int,bool)'
                 with
                 [
                     TScalar=mitk::ScalarType
                 ]
                 d:\mitk-aw-sp\mitk-superbuild\ep\include\itk-4.7\itkTransform.hxx(218) : see reference to function template instantiation 'void itk::VariableLengthVector<TScalar>::SetSize(unsigned int,bool)' being compiled
                 with
                 [
                     TScalar=mitk::ScalarType
                 ]
                 d:\mitk-aw-sp\mitk-superbuild\ep\include\itk-4.7\itkTransform.hxx(207) : while compiling class template member function 'itk::VariableLengthVector<TScalar> itk::Transform<TScalar,3,3>::TransformVector(const itk::VariableLengthVector<TScalar> &,const itk::Point<TCoordRep,3> &) const'
                 with
                 [
                     TScalar=mitk::ScalarType
         ,            TCoordRep=mitk::ScalarType
                 ]
                 d:\mitk-aw-sp\mitk-superbuild\ep\include\itk-4.7\itkMatrixOffsetTransformBase.h(78) : see reference to class template instantiation 'itk::Transform<TScalar,3,3>' being compiled
                 with
                 [
                     TScalar=mitk::ScalarType
                 ]
                 d:\mitk-aw-sp\mitk-superbuild\ep\include\itk-4.7\itkAffineTransform.h(105) : see reference to class template instantiation 'itk::MatrixOffsetTransformBase<TScalar,3,3>' being compiled
                 with
                 [
                     TScalar=mitk::ScalarType
                 ]
                 d:\mitk-aw-sp\mitk-superbuild\ep\include\itk-4.7\itkScalableAffineTransform.h(39) : see reference to class template instantiation 'itk::AffineTransform<TScalar,3>' being compiled
                 with
                 [
                     TScalar=mitk::ScalarType
                 ]
                 d:\mitk-aw-sp\mitk-superbuild\ep\include\itk-4.7\itkAffineGeometryFrame.h(112) : see reference to class template instantiation 'itk::ScalableAffineTransform<TScalar,3>' being compiled
                 with
                 [
                     TScalar=mitk::ScalarType
                 ]
                 d:\mitk-aw-sp\mitk\modules\core\include\mitkAffineTransform3D.h(27) : see reference to class template instantiation 'itk::AffineGeometryFrame<mitk::ScalarType,3>' being compiled
         Generating Code...
       Link:
         C:\Program Files (x86)\Microsoft Visual Studio 12.0\VC\bin\x86_amd64\link.exe /ERRORREPORT:PROMPT /OUT:"D:\MITK-AW-SP\AwesomeProject-build\bin\plugins\Debug\libmy_awesomeproject_exampleplugin.dll" /INCREMENTAL /NOLOGO /LIBPATH:"D:/MITK-AW-SP/MITK-superbuild/ep/lib" /LIBPATH:"D:/MITK-AW-SP/MITK-superbuild/ep/lib/Debug" kernel32.lib user32.lib gdi32.lib winspool.lib shell32.lib ole32.lib oleaut32.lib uuid.lib comdlg32.lib advapi32.lib "D:\MITK-AW-SP\MITK-superbuild\MITK-build\lib\plugins\Debug\org_mitk_gui_qt_common.lib" "D:\MITK-AW-SP\MITK-superbuild\MITK-build\lib\Debug\MitkQtWidgetsExt.lib" ..\..\bin\Debug\MyAwesomeLib.lib "D:\MITK-AW-SP\MITK-superbuild\MITK-build\lib\plugins\Debug\org_mitk_gui_common.lib" "D:\MITK-AW-SP\MITK-superbuild\MITK-build\lib\plugins\Debug\org_blueberry_ui_qt.lib" "D:\MITK-AW-SP\MITK-superbuild\MITK-build\lib\plugins\Debug\org_blueberry_core_commands.lib" "D:\MITK-AW-SP\MITK-superbuild\MITK-build\lib\plugins\Debug\org_blueberry_core_expressions.lib" "D:\MITK-AW-SP\MITK-superbuild\MITK-build\lib\plugins\Debug\org_mitk_core_services.lib" "D:\MITK-AW-SP\MITK-superbuild\MITK-build\lib\plugins\Debug\org_blueberry_core_runtime.lib" "D:\MITK-AW-SP\MITK-superbuild\ep\src\CTK-build\CTK-build\bin\Debug\CTKPluginFramework.lib" C:\Qt\5.4\msvc2013_64_opengl\lib\Qt5Sqld.lib "D:\MITK-AW-SP\MITK-superbuild\ep\lib\PocoUtild.lib" "D:\MITK-AW-SP\MITK-superbuild\ep\lib\PocoJSONd.lib" "D:\MITK-AW-SP\MITK-superbuild\ep\lib\PocoXMLd.lib" "D:\MITK-AW-SP\MITK-superbuild\ep\lib\PocoFoundationd.lib" iphlpapi.lib "D:\MITK-AW-SP\MITK-superbuild\MITK-build\lib\Debug\MitkQtWidgets.lib" "D:\MITK-AW-SP\MITK-superbuild\ep\lib\vtkGUISupportQtOpenGL-6.2d.lib" "D:\MITK-AW-SP\MITK-superbuild\ep\lib\vtkGUISupportQt-6.2d.lib" "D:\MITK-AW-SP\MITK-superbuild\MITK-build\lib\Debug\MitkImageStatistics.lib" "D:\MITK-AW-SP\MITK-superbuild\MITK-build\lib\Debug\MitkPlanarFigure.lib" "D:\MITK-AW-SP\MITK-superbuild\MITK-build\lib\Debug\MitkOverlays.lib" "D:\MITK-AW-SP\MITK-superbuild\MITK-build\lib\Debug\MitkSceneSerializationBase.lib" "D:\MITK-AW-SP\MITK-superbuild\ep\lib\tinyxmld.lib" "D:\MITK-AW-SP\MITK-superbuild\MITK-build\lib\Debug\MitkImageExtraction.lib" "D:\MITK-AW-SP\MITK-superbuild\MITK-build\lib\Debug\MitkAlgorithmsExt.lib" "D:\MITK-AW-SP\MITK-superbuild\MITK-build\lib\Debug\MitkLegacyGL.lib" "D:\MITK-AW-SP\MITK-superbuild\MITK-build\lib\Debug\MitkDataTypesExt.lib" "D:\MITK-AW-SP\MITK-superbuild\ep\lib\ITKIOXML-4.7d.lib" "D:\MITK-AW-SP\MITK-superbuild\ep\lib\qwtd.lib" C:\Qt\5.4\msvc2013_64_opengl\lib\Qt5PrintSupportd.lib "D:\MITK-AW-SP\MITK-superbuild\ep\src\CTK-build\CTK-build\bin\Debug\CTKWidgets.lib" C:\Qt\5.4\msvc2013_64_opengl\lib\Qt5OpenGLd.lib "D:\MITK-AW-SP\MITK-superbuild\ep\src\CTK-build\CTK-build\bin\Debug\CTKCore.lib" dbghelp.lib C:\Qt\5.4\msvc2013_64_opengl\lib\Qt5WebKitWidgetsd.lib C:\Qt\5.4\msvc2013_64_opengl\lib\Qt5WebKitd.lib C:\Qt\5.4\msvc2013_64_opengl\lib\Qt5Networkd.lib C:\Qt\5.4\msvc2013_64_opengl\lib\Qt5Svgd.lib C:\Qt\5.4\msvc2013_64_opengl\lib\Qt5Widgetsd.lib C:\Qt\5.4\msvc2013_64_opengl\lib\Qt5Guid.lib C:\Qt\5.4\msvc2013_64_opengl\lib\Qt5Concurrentd.lib C:\Qt\5.4\msvc2013_64_opengl\lib\Qt5Xmld.lib C:\Qt\5.4\msvc2013_64_opengl\lib\Qt5Cored.lib "D:\MITK-AW-SP\MITK-superbuild\MITK-build\lib\Debug\MitkCore.lib" "D:\MITK-AW-SP\MITK-superbuild\MITK-build\lib\Debug\CppMicroServices.lib" "D:\MITK-AW-SP\MITK-superbuild\MITK-build\lib\Debug\mbilog.lib" "D:\MITK-AW-SP\MITK-superbuild\ep\lib\ITKIOGDCM-4.7d.lib" "D:\MITK-AW-SP\MITK-superbuild\ep\lib\gdcmMSFFd.lib" "D:\MITK-AW-SP\MITK-superbuild\ep\lib\gdcmDICTd.lib" "D:\MITK-AW-SP\MITK-superbuild\ep\lib\gdcmIODd.lib" "D:\MITK-AW-SP\MITK-superbuild\ep\lib\gdcmDSEDd.lib" "D:\MITK-AW-SP\MITK-superbuild\ep\lib\gdcmCommond.lib" "D:\MITK-AW-SP\MITK-superbuild\ep\lib\ITKSpatialObjects-4.7d.lib" "D:\MITK-AW-SP\MITK-superbuild\ep\lib\ITKPath-4.7d.lib" "D:\MITK-AW-SP\MITK-superbuild\ep\lib\ITKMesh-4.7d.lib" "D:\MITK-AW-SP\MITK-superbuild\ep\lib\ITKStatistics-4.7d.lib" "D:\MITK-AW-SP\MITK-superbuild\ep\lib\itkNetlibSlatec-4.7d.lib" "D:\MITK-AW-SP\MITK-superbuild\ep\lib\vtkFiltersTexture-6.2d.lib" "D:\MITK-AW-SP\MITK-superbuild\ep\lib\vtkFiltersParallel-6.2d.lib" "D:\MITK-AW-SP\MITK-superbuild\ep\lib\vtkParallelCore-6.2d.lib" "D:\MITK-AW-SP\MITK-superbuild\ep\lib\vtkIOLegacy-6.2d.lib" "D:\MITK-AW-SP\MITK-superbuild\ep\lib\vtkImagingStencil-6.2d.lib" "D:\MITK-AW-SP\MITK-superbuild\ep\lib\vtkImagingMath-6.2d.lib" "D:\MITK-AW-SP\MITK-superbuild\ep\lib\vtkRenderingVolumeOpenGL-6.2d.lib" "D:\MITK-AW-SP\MITK-superbuild\ep\lib\vtkRenderingFreeTypeOpenGL-6.2d.lib" "D:\MITK-AW-SP\MITK-superbuild\ep\lib\vtkRenderingOpenGL-6.2d.lib" glu32.lib "D:\MITK-AW-SP\MITK-superbuild\ep\lib\vtkRenderingLabel-6.2d.lib" "D:\MITK-AW-SP\MITK-superbuild\ep\lib\vtkInteractionWidgets-6.2d.lib" "D:\MITK-AW-SP\MITK-superbuild\ep\lib\vtkInteractionStyle-6.2d.lib" "D:\MITK-AW-SP\MITK-superbuild\ep\lib\vtkImagingHybrid-6.2d.lib" "D:\MITK-AW-SP\MITK-superbuild\ep\lib\vtkIOImage-6.2d.lib" "D:\MITK-AW-SP\MITK-superbuild\ep\lib\vtkDICOMParser-6.2d.lib" "D:\MITK-AW-SP\MITK-superbuild\ep\lib\vtkmetaio-6.2d.lib" "D:\MITK-AW-SP\MITK-superbuild\ep\lib\vtkpng-6.2d.lib" "D:\MITK-AW-SP\MITK-superbuild\ep\lib\vtktiff-6.2d.lib" "D:\MITK-AW-SP\MITK-superbuild\ep\lib\vtkjpeg-6.2d.lib" "D:\MITK-AW-SP\MITK-superbuild\ep\lib\vtkFiltersModeling-6.2d.lib" "D:\MITK-AW-SP\MITK-superbuild\ep\lib\vtkRenderingVolume-6.2d.lib" "D:\MITK-AW-SP\MITK-superbuild\ep\lib\vtkFiltersHybrid-6.2d.lib" "D:\MITK-AW-SP\MITK-superbuild\ep\lib\vtkImagingGeneral-6.2d.lib" "D:\MITK-AW-SP\MITK-superbuild\ep\lib\vtkImagingSources-6.2d.lib" "D:\MITK-AW-SP\MITK-superbuild\ep\lib\vtkRenderingAnnotation-6.2d.lib" "D:\MITK-AW-SP\MITK-superbuild\ep\lib\vtkRenderingFreeType-6.2d.lib" "D:\MITK-AW-SP\MITK-superbuild\ep\lib\vtkRenderingCore-6.2d.lib" "D:\MITK-AW-SP\MITK-superbuild\ep\lib\vtkFiltersExtraction-6.2d.lib" "D:\MITK-AW-SP\MITK-superbuild\ep\lib\vtkFiltersStatistics-6.2d.lib" "D:\MITK-AW-SP\MITK-superbuild\ep\lib\vtkImagingFourier-6.2d.lib" "D:\MITK-AW-SP\MITK-superbuild\ep\lib\vtkalglib-6.2d.lib" "D:\MITK-AW-SP\MITK-superbuild\ep\lib\vtkFiltersSources-6.2d.lib" "D:\MITK-AW-SP\MITK-superbuild\ep\lib\vtkFiltersGeneral-6.2d.lib" "D:\MITK-AW-SP\MITK-superbuild\ep\lib\vtkCommonComputationalGeometry-6.2d.lib" "D:\MITK-AW-SP\MITK-superbuild\ep\lib\vtkCommonColor-6.2d.lib" "D:\MITK-AW-SP\MITK-superbuild\ep\lib\vtkFiltersGeometry-6.2d.lib" "D:\MITK-AW-SP\MITK-superbuild\ep\lib\vtkFiltersCore-6.2d.lib" "D:\MITK-AW-SP\MITK-superbuild\ep\lib\vtkftgl-6.2d.lib" "D:\MITK-AW-SP\MITK-superbuild\ep\lib\vtkfreetype-6.2d.lib" opengl32.lib "D:\MITK-AW-SP\MITK-superbuild\ep\lib\vtkImagingColor-6.2d.lib" "D:\MITK-AW-SP\MITK-superbuild\ep\lib\vtkImagingCore-6.2d.lib" "D:\MITK-AW-SP\MITK-superbuild\ep\lib\vtkIOXML-6.2d.lib" "D:\MITK-AW-SP\MITK-superbuild\ep\lib\vtkIOGeometry-6.2d.lib" "D:\MITK-AW-SP\MITK-superbuild\ep\lib\vtkjsoncpp-6.2d.lib" "D:\MITK-AW-SP\MITK-superbuild\ep\lib\vtkIOXMLParser-6.2d.lib" "D:\MITK-AW-SP\MITK-superbuild\ep\lib\vtkIOCore-6.2d.lib" "D:\MITK-AW-SP\MITK-superbuild\ep\lib\vtkCommonExecutionModel-6.2d.lib" "D:\MITK-AW-SP\MITK-superbuild\ep\lib\vtkCommonDataModel-6.2d.lib" "D:\MITK-AW-SP\MITK-superbuild\ep\lib\vtkCommonSystem-6.2d.lib" "D:\MITK-AW-SP\MITK-superbuild\ep\lib\vtkCommonTransforms-6.2d.lib" "D:\MITK-AW-SP\MITK-superbuild\ep\lib\vtksys-6.2d.lib" "D:\MITK-AW-SP\MITK-superbuild\ep\lib\vtkCommonMisc-6.2d.lib" "D:\MITK-AW-SP\MITK-superbuild\ep\lib\vtkCommonMath-6.2d.lib" "D:\MITK-AW-SP\MITK-superbuild\ep\lib\vtkCommonCore-6.2d.lib" "D:\MITK-AW-SP\MITK-superbuild\ep\lib\vtkzlib-6.2d.lib" "D:\MITK-AW-SP\MITK-superbuild\ep\lib\vtkexpat-6.2d.lib" "D:\MITK-AW-SP\MITK-superbuild\ep\lib\ITKEXPAT-4.7d.lib" "D:\MITK-AW-SP\MITK-superbuild\ep\lib\ITKMetaIO-4.7d.lib" comctl32.lib wsock32.lib "D:\MITK-AW-SP\MITK-superbuild\ep\lib\itkzlib-4.7d.lib" "D:\MITK-AW-SP\MITK-superbuild\ep\lib\ITKIOImageBase-4.7d.lib" "D:\MITK-AW-SP\MITK-superbuild\ep\lib\ITKCommon-4.7d.lib" "D:\MITK-AW-SP\MITK-superbuild\ep\lib\itkdouble-conversion-4.7d.lib" "D:\MITK-AW-SP\MITK-superbuild\ep\lib\itksys-4.7d.lib" ws2_32.lib Psapi.lib "D:\MITK-AW-SP\MITK-superbuild\ep\lib\ITKVNLInstantiation-4.7d.lib" "D:\MITK-AW-SP\MITK-superbuild\ep\lib\itkvnl_algo-4.7d.lib" "D:\MITK-AW-SP\MITK-superbuild\ep\lib\itkv3p_lsqr-4.7d.lib" "D:\MITK-AW-SP\MITK-superbuild\ep\lib\itkvnl-4.7d.lib" "D:\MITK-AW-SP\MITK-superbuild\ep\lib\itkvcl-4.7d.lib" "D:\MITK-AW-SP\MITK-superbuild\ep\lib\itkv3p_netlib-4.7d.lib" /MANIFEST /MANIFESTUAC:"level='asInvoker' uiAccess='false'" /manifest:embed /DEBUG /PDB:"D:/MITK-AW-SP/AwesomeProject-build/bin/plugins/Debug/libmy_awesomeproject_exampleplugin.pdb" /SUBSYSTEM:CONSOLE /TLBID:1 /DYNAMICBASE /NXCOMPAT /IMPLIB:"D:/MITK-AW-SP/AwesomeProject-build/bin/plugins/Debug/my_awesomeproject_exampleplugin.lib" /MACHINE:X64  /machine:x64 /DLL my_awesomeproject_exampleplugin.dir\Debug\my_awesomeproject_exampleplugin_PluginActivator.obj
         my_awesomeproject_exampleplugin.dir\Debug\AwesomeView.obj
         my_awesomeproject_exampleplugin.dir\Debug\moc_my_awesomeproject_exampleplugin_PluginActivator.obj
         my_awesomeproject_exampleplugin.dir\Debug\moc_AwesomeView.obj
         my_awesomeproject_exampleplugin.dir\Debug\qrc_my_awesomeproject_exampleplugin_manifest.obj
         my_awesomeproject_exampleplugin.dir\Debug\qrc_my_awesomeproject_exampleplugin_cached.obj
            Creating library D:/MITK-AW-SP/AwesomeProject-build/bin/plugins/Debug/my_awesomeproject_exampleplugin.lib and object D:/MITK-AW-SP/AwesomeProject-build/bin/plugins/Debug/my_awesomeproject_exampleplugin.exp
         my_awesomeproject_exampleplugin.vcxproj -> D:\MITK-AW-SP\AwesomeProject-build\bin\plugins\Debug\libmy_awesomeproject_exampleplugin.dll
     1>Done Building Project "D:\MITK-AW-SP\AwesomeProject-build\Plugins\my.awesomeproject.exampleplugin\my_awesomeproject_exampleplugin.vcxproj" (Build target(s)).

Build succeeded.

Time Elapsed 00:00:12.36
